#-----------------------------------------------------------
# Vivado v2025.2 (64-bit)
# SW Build 6299465 on Fri Nov 14 12:34:56 MST 2025
# IP Build 6300035 on Fri Nov 14 10:48:45 MST 2025
# SharedData Build 6298862 on Thu Nov 13 04:50:51 MST 2025
# Start of session at: Wed May 27 18:07:53 2026
# Process ID         : 222560
# Current directory  : /home/user25/Xilinx/Vivado/Projects/C-RTL_Cosim-Memory
# Command line       : vivado
# Log file           : /home/user25/Xilinx/Vivado/Projects/C-RTL_Cosim-Memory/vivado.log
# Journal file       : /home/user25/Xilinx/Vivado/Projects/C-RTL_Cosim-Memory/vivado.jou
# Running On         : vecad-svr1
# Platform           : AlmaLinux
# Operating System   : AlmaLinux release 8.10 (Cerulean Leopard)
# Processor Detail   : Intel(R) Xeon(R) Silver 4310 CPU @ 2.10GHz
# CPU Frequency      : 3300.000 MHz
# CPU Physical cores : 24
# CPU Logical cores  : 48
# Host memory        : 134054 MB
# Swap memory        : 34359 MB
# Total Virtual      : 168414 MB
# Available Virtual  : 56026 MB
#-----------------------------------------------------------
start_gui
WARNING: [Board 49-26] cannot add Board Part xilinx.com:ac701:part0:1.4 available at /tools/Xilinx/2025.2/data/xhub/boards/XilinxBoardStore/boards/Xilinx/ac701/1.4/board.xml as part xc7a200tfbg676-2 specified in board_part file is either invalid or not available
WARNING: [Board 49-26] cannot add Board Part xilinx.com:emb-plus-vpr-4616:part0:1.0 available at /tools/Xilinx/2025.2/data/xhub/boards/XilinxBoardStore/boards/Xilinx/emb-plus-vpr-4616/1.0/board.xml as part xcve2302-sfva784-2mp-e-s specified in board_part file is either invalid or not available
WARNING: [Board 49-26] cannot add Board Part xilinx.com:emb-plus-vpr-4616:part0:1.1 available at /tools/Xilinx/2025.2/data/xhub/boards/XilinxBoardStore/boards/Xilinx/emb-plus-vpr-4616/1.1/board.xml as part xcve2302-sfva784-2mp-e-s specified in board_part file is either invalid or not available
WARNING: [Board 49-26] cannot add Board Part xilinx.com:scu35:part0:1.0 available at /tools/Xilinx/2025.2/data/xhub/boards/XilinxBoardStore/boards/Xilinx/scu35/1.0/board.xml as part xcsu35p-sbvb625-2-e specified in board_part file is either invalid or not available
WARNING: [Board 49-26] cannot add Board Part xilinx.com:sp701:part0:1.0 available at /tools/Xilinx/2025.2/data/xhub/boards/XilinxBoardStore/boards/Xilinx/sp701/1.0/board.xml as part xc7s100fgga676-2 specified in board_part file is either invalid or not available
WARNING: [Board 49-26] cannot add Board Part xilinx.com:sp701:part0:1.1 available at /tools/Xilinx/2025.2/data/xhub/boards/XilinxBoardStore/boards/Xilinx/sp701/1.1/board.xml as part xc7s100fgga676-2 specified in board_part file is either invalid or not available
WARNING: [Board 49-26] cannot add Board Part xilinx.com:v80:part0:1.0 available at /tools/Xilinx/2025.2/data/xhub/boards/XilinxBoardStore/boards/Xilinx/v80/1.0/board.xml as part xcv80-lsva4737-2mhp-e-s specified in board_part file is either invalid or not available
WARNING: [Board 49-26] cannot add Board Part xilinx.com:vck190:part0:2.2 available at /tools/Xilinx/2025.2/data/xhub/boards/XilinxBoardStore/boards/Xilinx/vck190/production/2.2/board.xml as part xcvc1902-vsva2197-2mp-e-s specified in board_part file is either invalid or not available
WARNING: [Board 49-26] cannot add Board Part xilinx.com:vck190:part0:3.0 available at /tools/Xilinx/2025.2/data/xhub/boards/XilinxBoardStore/boards/Xilinx/vck190/production/3.0/board.xml as part xcvc1902-vsva2197-2mp-e-s specified in board_part file is either invalid or not available
WARNING: [Board 49-26] cannot add Board Part xilinx.com:vck190:part0:3.1 available at /tools/Xilinx/2025.2/data/xhub/boards/XilinxBoardStore/boards/Xilinx/vck190/production/3.1/board.xml as part xcvc1902-vsva2197-2mp-e-s specified in board_part file is either invalid or not available
WARNING: [Board 49-26] cannot add Board Part xilinx.com:vck190:part0:3.2 available at /tools/Xilinx/2025.2/data/xhub/boards/XilinxBoardStore/boards/Xilinx/vck190/production/3.2/board.xml as part xcvc1902-vsva2197-2mp-e-s specified in board_part file is either invalid or not available
WARNING: [Board 49-26] cannot add Board Part xilinx.com:vck190:part0:3.3 available at /tools/Xilinx/2025.2/data/xhub/boards/XilinxBoardStore/boards/Xilinx/vck190/production/3.3/board.xml as part xcvc1902-vsva2197-2mp-e-s specified in board_part file is either invalid or not available
WARNING: [Board 49-26] cannot add Board Part xilinx.com:vck190:part0:3.4 available at /tools/Xilinx/2025.2/data/xhub/boards/XilinxBoardStore/boards/Xilinx/vck190/production/3.4/board.xml as part xcvc1902-vsva2197-2mp-e-s specified in board_part file is either invalid or not available
WARNING: [Board 49-26] cannot add Board Part xilinx.com:vck190_newl:part0:1.0 available at /tools/Xilinx/2025.2/data/xhub/boards/XilinxBoardStore/boards/Xilinx/vck190_newl/production/1.0/board.xml as part xcvc1902-vsva2197-2mp-e-s specified in board_part file is either invalid or not available
WARNING: [Board 49-26] cannot add Board Part xilinx.com:vck190_newl:part0:1.1 available at /tools/Xilinx/2025.2/data/xhub/boards/XilinxBoardStore/boards/Xilinx/vck190_newl/production/1.1/board.xml as part xcvc1902-vsva2197-2mp-e-s specified in board_part file is either invalid or not available
WARNING: [Board 49-26] cannot add Board Part xilinx.com:vck190_newl:part0:1.2 available at /tools/Xilinx/2025.2/data/xhub/boards/XilinxBoardStore/boards/Xilinx/vck190_newl/production/1.2/board.xml as part xcvc1902-vsva2197-2mp-e-s specified in board_part file is either invalid or not available
WARNING: [Board 49-26] cannot add Board Part xilinx.com:vck190_newl:part0:1.3 available at /tools/Xilinx/2025.2/data/xhub/boards/XilinxBoardStore/boards/Xilinx/vck190_newl/production/1.3/board.xml as part xcvc1902-vsva2197-2mp-e-s specified in board_part file is either invalid or not available
WARNING: [Board 49-26] cannot add Board Part xilinx.com:vcu108:part0:1.6 available at /tools/Xilinx/2025.2/data/xhub/boards/XilinxBoardStore/boards/Xilinx/vcu108/1.6/board.xml as part xcvu095-ffva2104-2-e specified in board_part file is either invalid or not available
WARNING: [Board 49-26] cannot add Board Part xilinx.com:vcu108:part0:1.7 available at /tools/Xilinx/2025.2/data/xhub/boards/XilinxBoardStore/boards/Xilinx/vcu108/1.7/board.xml as part xcvu095-ffva2104-2-e specified in board_part file is either invalid or not available
WARNING: [Board 49-26] cannot add Board Part xilinx.com:vcu110:part0:1.4 available at /tools/Xilinx/2025.2/data/xhub/boards/XilinxBoardStore/boards/Xilinx/vcu110/1.4/board.xml as part xcvu190-flgc2104-2-e specified in board_part file is either invalid or not available
WARNING: [Board 49-26] cannot add Board Part xilinx.com:vcu128:part0:1.0 available at /tools/Xilinx/2025.2/data/xhub/boards/XilinxBoardStore/boards/Xilinx/vcu128/production/1.0/board.xml as part xcvu37p-fsvh2892-2l-e specified in board_part file is either invalid or not available
WARNING: [Board 49-26] cannot add Board Part xilinx.com:vcu129:part0:1.0 available at /tools/Xilinx/2025.2/data/xhub/boards/XilinxBoardStore/boards/Xilinx/vcu129/production/1.0/board.xml as part xcvu29p-fsga2577-2l-e specified in board_part file is either invalid or not available
WARNING: [Board 49-26] cannot add Board Part xilinx.com:vek280:part0:1.0 available at /tools/Xilinx/2025.2/data/xhub/boards/XilinxBoardStore/boards/Xilinx/vek280/production/1.0/board.xml as part xcve2802-vsvh1760-2mp-e-s specified in board_part file is either invalid or not available
WARNING: [Board 49-26] cannot add Board Part xilinx.com:vek280:part0:1.1 available at /tools/Xilinx/2025.2/data/xhub/boards/XilinxBoardStore/boards/Xilinx/vek280/production/1.1/board.xml as part xcve2802-vsvh1760-2mp-e-s specified in board_part file is either invalid or not available
WARNING: [Board 49-26] cannot add Board Part xilinx.com:vek280:part0:1.2 available at /tools/Xilinx/2025.2/data/xhub/boards/XilinxBoardStore/boards/Xilinx/vek280/production/1.2/board.xml as part xcve2802-vsvh1760-2mp-e-s specified in board_part file is either invalid or not available
WARNING: [Board 49-26] cannot add Board Part xilinx.com:vek385:part0:1.0 available at /tools/Xilinx/2025.2/data/xhub/boards/XilinxBoardStore/boards/Xilinx/vek385/1.0/board.xml as part xc2ve3858-ssva2112-2mp-e-s specified in board_part file is either invalid or not available
WARNING: [Board 49-26] cannot add Board Part xilinx.com:vek385:part0:1.1 available at /tools/Xilinx/2025.2/data/xhub/boards/XilinxBoardStore/boards/Xilinx/vek385/1.1/board.xml as part xc2ve3858-ssva2112-2mp-e-s specified in board_part file is either invalid or not available
WARNING: [Board 49-26] cannot add Board Part xilinx.com:vek385_1:part0:1.0 available at /tools/Xilinx/2025.2/data/xhub/boards/XilinxBoardStore/boards/Xilinx/vek385_2/1.0/board.xml as part xc2ve3858-ssva2112-2mp-e-s specified in board_part file is either invalid or not available
WARNING: [Board 49-26] cannot add Board Part xilinx.com:vermeo_t1_rfsoc:part0:1.0 available at /tools/Xilinx/2025.2/data/xhub/boards/XilinxBoardStore/boards/Xilinx/vermeo_t1_rfsoc/1.0/board.xml as part xczu21dr-ffvd1156-2l-e specified in board_part file is either invalid or not available
WARNING: [Board 49-26] cannot add Board Part xilinx.com:vhk158:part0:1.0 available at /tools/Xilinx/2025.2/data/xhub/boards/XilinxBoardStore/boards/Xilinx/vhk158/production/1.0/board.xml as part xcvh1582-vsva3697-2mp-e-s specified in board_part file is either invalid or not available
WARNING: [Board 49-26] cannot add Board Part xilinx.com:vhk158:part0:1.1 available at /tools/Xilinx/2025.2/data/xhub/boards/XilinxBoardStore/boards/Xilinx/vhk158/production/1.1/board.xml as part xcvh1582-vsva3697-2mp-e-s specified in board_part file is either invalid or not available
WARNING: [Board 49-26] cannot add Board Part xilinx.com:vhk158:part0:1.2 available at /tools/Xilinx/2025.2/data/xhub/boards/XilinxBoardStore/boards/Xilinx/vhk158/production/1.2/board.xml as part xcvh1582-vsva3697-2mp-e-s specified in board_part file is either invalid or not available
WARNING: [Board 49-26] cannot add Board Part xilinx.com:vpk120:part0:1.0 available at /tools/Xilinx/2025.2/data/xhub/boards/XilinxBoardStore/boards/Xilinx/vpk120/production/1.0/board.xml as part xcvp1202-vsva2785-2mp-e-s specified in board_part file is either invalid or not available
WARNING: [Board 49-26] cannot add Board Part xilinx.com:vpk120:part0:1.1 available at /tools/Xilinx/2025.2/data/xhub/boards/XilinxBoardStore/boards/Xilinx/vpk120/production/1.1/board.xml as part xcvp1202-vsva2785-2mp-e-s specified in board_part file is either invalid or not available
WARNING: [Board 49-26] cannot add Board Part xilinx.com:vpk120:part0:1.2 available at /tools/Xilinx/2025.2/data/xhub/boards/XilinxBoardStore/boards/Xilinx/vpk120/production/1.2/board.xml as part xcvp1202-vsva2785-2mp-e-s specified in board_part file is either invalid or not available
WARNING: [Board 49-26] cannot add Board Part xilinx.com:vpk180:part0:1.0 available at /tools/Xilinx/2025.2/data/xhub/boards/XilinxBoardStore/boards/Xilinx/vpk180/production/1.0/board.xml as part xcvp1802-lsvc4072-2mp-e-s specified in board_part file is either invalid or not available
WARNING: [Board 49-26] cannot add Board Part xilinx.com:vpk180:part0:1.1 available at /tools/Xilinx/2025.2/data/xhub/boards/XilinxBoardStore/boards/Xilinx/vpk180/production/1.1/board.xml as part xcvp1802-lsvc4072-2mp-e-s specified in board_part file is either invalid or not available
WARNING: [Board 49-26] cannot add Board Part xilinx.com:vpk180:part0:1.2 available at /tools/Xilinx/2025.2/data/xhub/boards/XilinxBoardStore/boards/Xilinx/vpk180/production/1.2/board.xml as part xcvp1802-lsvc4072-2mp-e-s specified in board_part file is either invalid or not available
WARNING: [Board 49-26] cannot add Board Part xilinx.com:vrk160:part0:1.0 available at /tools/Xilinx/2025.2/data/xhub/boards/XilinxBoardStore/boards/Xilinx/vrk160/1.0/board.xml as part xcvr1602-vsva2488-2mp-e-s-es1 specified in board_part file is either invalid or not available
WARNING: [Board 49-26] cannot add Board Part xilinx.com:vrk160:part0:1.1 available at /tools/Xilinx/2025.2/data/xhub/boards/XilinxBoardStore/boards/Xilinx/vrk160/1.1/board.xml as part xcvr1602-vsva2488-2mp-e-s-es1 specified in board_part file is either invalid or not available
WARNING: [Board 49-26] cannot add Board Part xilinx.com:zcu111:part0:1.2 available at /tools/Xilinx/2025.2/data/xhub/boards/XilinxBoardStore/boards/Xilinx/zcu111/1.2/board.xml as part xczu28dr-ffvg1517-2-e specified in board_part file is either invalid or not available
WARNING: [Board 49-26] cannot add Board Part xilinx.com:zcu111:part0:1.3 available at /tools/Xilinx/2025.2/data/xhub/boards/XilinxBoardStore/boards/Xilinx/zcu111/1.3/board.xml as part xczu28dr-ffvg1517-2-e specified in board_part file is either invalid or not available
WARNING: [Board 49-26] cannot add Board Part xilinx.com:zcu111:part0:1.4 available at /tools/Xilinx/2025.2/data/xhub/boards/XilinxBoardStore/boards/Xilinx/zcu111/1.4/board.xml as part xczu28dr-ffvg1517-2-e specified in board_part file is either invalid or not available
WARNING: [Board 49-26] cannot add Board Part xilinx.com:zcu1275:part0:1.0 available at /tools/Xilinx/2025.2/data/xhub/boards/XilinxBoardStore/boards/Xilinx/zcu1275/1.0/board.xml as part xczu29dr-ffvf1760-2-e specified in board_part file is either invalid or not available
WARNING: [Board 49-26] cannot add Board Part xilinx.com:zcu1285:part0:1.0 available at /tools/Xilinx/2025.2/data/xhub/boards/XilinxBoardStore/boards/Xilinx/zcu1285/1.0/board.xml as part xczu39dr-ffvf1760-2-i specified in board_part file is either invalid or not available
WARNING: [Board 49-26] cannot add Board Part xilinx.com:zcu208:part0:2.0 available at /tools/Xilinx/2025.2/data/xhub/boards/XilinxBoardStore/boards/Xilinx/zcu208/production/2.0/board.xml as part xczu48dr-fsvg1517-2-e specified in board_part file is either invalid or not available
WARNING: [Board 49-26] cannot add Board Part xilinx.com:zcu208ld:part0:2.0 available at /tools/Xilinx/2025.2/data/xhub/boards/XilinxBoardStore/boards/Xilinx/zcu208ld/production/2.0/board.xml as part xczu58dr-fsvg1517-2-i specified in board_part file is either invalid or not available
WARNING: [Board 49-26] cannot add Board Part xilinx.com:zcu216:part0:2.0 available at /tools/Xilinx/2025.2/data/xhub/boards/XilinxBoardStore/boards/Xilinx/zcu216/production/2.0/board.xml as part xczu49dr-ffvf1760-2-e specified in board_part file is either invalid or not available
WARNING: [Board 49-26] cannot add Board Part xilinx.com:zcu216ld:part0:2.0 available at /tools/Xilinx/2025.2/data/xhub/boards/XilinxBoardStore/boards/Xilinx/zcu216ld/production/2.0/board.xml as part xczu59dr-ffvf1760-2-i specified in board_part file is either invalid or not available
WARNING: [Board 49-26] cannot add Board Part xilinx.com:zcu670:part0:2.0 available at /tools/Xilinx/2025.2/data/xhub/boards/XilinxBoardStore/boards/Xilinx/zcu670/2.0/board.xml as part xczu67dr-fsve1156-2-i specified in board_part file is either invalid or not available
WARNING: [Board 49-26] cannot add Board Part xilinx.com:zcu670ld:part0:1.0 available at /tools/Xilinx/2025.2/data/xhub/boards/XilinxBoardStore/boards/Xilinx/zcu670ld/1.0/board.xml as part xczu57dr-fsve1156-2-i specified in board_part file is either invalid or not available
WARNING: [Board 49-26] cannot add Board Part xilinx.com:ac701:part0:1.4 available at /tools/Xilinx/2025.2/data/xhub/boards/XilinxBoardStore/boards/Xilinx/ac701/1.4/board.xml as part xc7a200tfbg676-2 specified in board_part file is either invalid or not available
WARNING: [Board 49-26] cannot add Board Part xilinx.com:emb-plus-vpr-4616:part0:1.0 available at /tools/Xilinx/2025.2/data/xhub/boards/XilinxBoardStore/boards/Xilinx/emb-plus-vpr-4616/1.0/board.xml as part xcve2302-sfva784-2mp-e-s specified in board_part file is either invalid or not available
WARNING: [Board 49-26] cannot add Board Part xilinx.com:emb-plus-vpr-4616:part0:1.1 available at /tools/Xilinx/2025.2/data/xhub/boards/XilinxBoardStore/boards/Xilinx/emb-plus-vpr-4616/1.1/board.xml as part xcve2302-sfva784-2mp-e-s specified in board_part file is either invalid or not available
WARNING: [Board 49-26] cannot add Board Part xilinx.com:scu35:part0:1.0 available at /tools/Xilinx/2025.2/data/xhub/boards/XilinxBoardStore/boards/Xilinx/scu35/1.0/board.xml as part xcsu35p-sbvb625-2-e specified in board_part file is either invalid or not available
WARNING: [Board 49-26] cannot add Board Part xilinx.com:sp701:part0:1.0 available at /tools/Xilinx/2025.2/data/xhub/boards/XilinxBoardStore/boards/Xilinx/sp701/1.0/board.xml as part xc7s100fgga676-2 specified in board_part file is either invalid or not available
WARNING: [Board 49-26] cannot add Board Part xilinx.com:sp701:part0:1.1 available at /tools/Xilinx/2025.2/data/xhub/boards/XilinxBoardStore/boards/Xilinx/sp701/1.1/board.xml as part xc7s100fgga676-2 specified in board_part file is either invalid or not available
WARNING: [Board 49-26] cannot add Board Part xilinx.com:v80:part0:1.0 available at /tools/Xilinx/2025.2/data/xhub/boards/XilinxBoardStore/boards/Xilinx/v80/1.0/board.xml as part xcv80-lsva4737-2mhp-e-s specified in board_part file is either invalid or not available
WARNING: [Board 49-26] cannot add Board Part xilinx.com:vck190:part0:2.2 available at /tools/Xilinx/2025.2/data/xhub/boards/XilinxBoardStore/boards/Xilinx/vck190/production/2.2/board.xml as part xcvc1902-vsva2197-2mp-e-s specified in board_part file is either invalid or not available
WARNING: [Board 49-26] cannot add Board Part xilinx.com:vck190:part0:3.0 available at /tools/Xilinx/2025.2/data/xhub/boards/XilinxBoardStore/boards/Xilinx/vck190/production/3.0/board.xml as part xcvc1902-vsva2197-2mp-e-s specified in board_part file is either invalid or not available
WARNING: [Board 49-26] cannot add Board Part xilinx.com:vck190:part0:3.1 available at /tools/Xilinx/2025.2/data/xhub/boards/XilinxBoardStore/boards/Xilinx/vck190/production/3.1/board.xml as part xcvc1902-vsva2197-2mp-e-s specified in board_part file is either invalid or not available
WARNING: [Board 49-26] cannot add Board Part xilinx.com:vck190:part0:3.2 available at /tools/Xilinx/2025.2/data/xhub/boards/XilinxBoardStore/boards/Xilinx/vck190/production/3.2/board.xml as part xcvc1902-vsva2197-2mp-e-s specified in board_part file is either invalid or not available
WARNING: [Board 49-26] cannot add Board Part xilinx.com:vck190:part0:3.3 available at /tools/Xilinx/2025.2/data/xhub/boards/XilinxBoardStore/boards/Xilinx/vck190/production/3.3/board.xml as part xcvc1902-vsva2197-2mp-e-s specified in board_part file is either invalid or not available
WARNING: [Board 49-26] cannot add Board Part xilinx.com:vck190:part0:3.4 available at /tools/Xilinx/2025.2/data/xhub/boards/XilinxBoardStore/boards/Xilinx/vck190/production/3.4/board.xml as part xcvc1902-vsva2197-2mp-e-s specified in board_part file is either invalid or not available
WARNING: [Board 49-26] cannot add Board Part xilinx.com:vck190_newl:part0:1.0 available at /tools/Xilinx/2025.2/data/xhub/boards/XilinxBoardStore/boards/Xilinx/vck190_newl/production/1.0/board.xml as part xcvc1902-vsva2197-2mp-e-s specified in board_part file is either invalid or not available
WARNING: [Board 49-26] cannot add Board Part xilinx.com:vck190_newl:part0:1.1 available at /tools/Xilinx/2025.2/data/xhub/boards/XilinxBoardStore/boards/Xilinx/vck190_newl/production/1.1/board.xml as part xcvc1902-vsva2197-2mp-e-s specified in board_part file is either invalid or not available
WARNING: [Board 49-26] cannot add Board Part xilinx.com:vck190_newl:part0:1.2 available at /tools/Xilinx/2025.2/data/xhub/boards/XilinxBoardStore/boards/Xilinx/vck190_newl/production/1.2/board.xml as part xcvc1902-vsva2197-2mp-e-s specified in board_part file is either invalid or not available
WARNING: [Board 49-26] cannot add Board Part xilinx.com:vck190_newl:part0:1.3 available at /tools/Xilinx/2025.2/data/xhub/boards/XilinxBoardStore/boards/Xilinx/vck190_newl/production/1.3/board.xml as part xcvc1902-vsva2197-2mp-e-s specified in board_part file is either invalid or not available
WARNING: [Board 49-26] cannot add Board Part xilinx.com:vcu108:part0:1.6 available at /tools/Xilinx/2025.2/data/xhub/boards/XilinxBoardStore/boards/Xilinx/vcu108/1.6/board.xml as part xcvu095-ffva2104-2-e specified in board_part file is either invalid or not available
WARNING: [Board 49-26] cannot add Board Part xilinx.com:vcu108:part0:1.7 available at /tools/Xilinx/2025.2/data/xhub/boards/XilinxBoardStore/boards/Xilinx/vcu108/1.7/board.xml as part xcvu095-ffva2104-2-e specified in board_part file is either invalid or not available
WARNING: [Board 49-26] cannot add Board Part xilinx.com:vcu110:part0:1.4 available at /tools/Xilinx/2025.2/data/xhub/boards/XilinxBoardStore/boards/Xilinx/vcu110/1.4/board.xml as part xcvu190-flgc2104-2-e specified in board_part file is either invalid or not available
WARNING: [Board 49-26] cannot add Board Part xilinx.com:vcu128:part0:1.0 available at /tools/Xilinx/2025.2/data/xhub/boards/XilinxBoardStore/boards/Xilinx/vcu128/production/1.0/board.xml as part xcvu37p-fsvh2892-2l-e specified in board_part file is either invalid or not available
WARNING: [Board 49-26] cannot add Board Part xilinx.com:vcu129:part0:1.0 available at /tools/Xilinx/2025.2/data/xhub/boards/XilinxBoardStore/boards/Xilinx/vcu129/production/1.0/board.xml as part xcvu29p-fsga2577-2l-e specified in board_part file is either invalid or not available
WARNING: [Board 49-26] cannot add Board Part xilinx.com:vek280:part0:1.0 available at /tools/Xilinx/2025.2/data/xhub/boards/XilinxBoardStore/boards/Xilinx/vek280/production/1.0/board.xml as part xcve2802-vsvh1760-2mp-e-s specified in board_part file is either invalid or not available
WARNING: [Board 49-26] cannot add Board Part xilinx.com:vek280:part0:1.1 available at /tools/Xilinx/2025.2/data/xhub/boards/XilinxBoardStore/boards/Xilinx/vek280/production/1.1/board.xml as part xcve2802-vsvh1760-2mp-e-s specified in board_part file is either invalid or not available
WARNING: [Board 49-26] cannot add Board Part xilinx.com:vek280:part0:1.2 available at /tools/Xilinx/2025.2/data/xhub/boards/XilinxBoardStore/boards/Xilinx/vek280/production/1.2/board.xml as part xcve2802-vsvh1760-2mp-e-s specified in board_part file is either invalid or not available
WARNING: [Board 49-26] cannot add Board Part xilinx.com:vek385:part0:1.0 available at /tools/Xilinx/2025.2/data/xhub/boards/XilinxBoardStore/boards/Xilinx/vek385/1.0/board.xml as part xc2ve3858-ssva2112-2mp-e-s specified in board_part file is either invalid or not available
WARNING: [Board 49-26] cannot add Board Part xilinx.com:vek385:part0:1.1 available at /tools/Xilinx/2025.2/data/xhub/boards/XilinxBoardStore/boards/Xilinx/vek385/1.1/board.xml as part xc2ve3858-ssva2112-2mp-e-s specified in board_part file is either invalid or not available
WARNING: [Board 49-26] cannot add Board Part xilinx.com:vek385_1:part0:1.0 available at /tools/Xilinx/2025.2/data/xhub/boards/XilinxBoardStore/boards/Xilinx/vek385_2/1.0/board.xml as part xc2ve3858-ssva2112-2mp-e-s specified in board_part file is either invalid or not available
WARNING: [Board 49-26] cannot add Board Part xilinx.com:vermeo_t1_rfsoc:part0:1.0 available at /tools/Xilinx/2025.2/data/xhub/boards/XilinxBoardStore/boards/Xilinx/vermeo_t1_rfsoc/1.0/board.xml as part xczu21dr-ffvd1156-2l-e specified in board_part file is either invalid or not available
WARNING: [Board 49-26] cannot add Board Part xilinx.com:vhk158:part0:1.0 available at /tools/Xilinx/2025.2/data/xhub/boards/XilinxBoardStore/boards/Xilinx/vhk158/production/1.0/board.xml as part xcvh1582-vsva3697-2mp-e-s specified in board_part file is either invalid or not available
WARNING: [Board 49-26] cannot add Board Part xilinx.com:vhk158:part0:1.1 available at /tools/Xilinx/2025.2/data/xhub/boards/XilinxBoardStore/boards/Xilinx/vhk158/production/1.1/board.xml as part xcvh1582-vsva3697-2mp-e-s specified in board_part file is either invalid or not available
WARNING: [Board 49-26] cannot add Board Part xilinx.com:vhk158:part0:1.2 available at /tools/Xilinx/2025.2/data/xhub/boards/XilinxBoardStore/boards/Xilinx/vhk158/production/1.2/board.xml as part xcvh1582-vsva3697-2mp-e-s specified in board_part file is either invalid or not available
WARNING: [Board 49-26] cannot add Board Part xilinx.com:vpk120:part0:1.0 available at /tools/Xilinx/2025.2/data/xhub/boards/XilinxBoardStore/boards/Xilinx/vpk120/production/1.0/board.xml as part xcvp1202-vsva2785-2mp-e-s specified in board_part file is either invalid or not available
WARNING: [Board 49-26] cannot add Board Part xilinx.com:vpk120:part0:1.1 available at /tools/Xilinx/2025.2/data/xhub/boards/XilinxBoardStore/boards/Xilinx/vpk120/production/1.1/board.xml as part xcvp1202-vsva2785-2mp-e-s specified in board_part file is either invalid or not available
WARNING: [Board 49-26] cannot add Board Part xilinx.com:vpk120:part0:1.2 available at /tools/Xilinx/2025.2/data/xhub/boards/XilinxBoardStore/boards/Xilinx/vpk120/production/1.2/board.xml as part xcvp1202-vsva2785-2mp-e-s specified in board_part file is either invalid or not available
WARNING: [Board 49-26] cannot add Board Part xilinx.com:vpk180:part0:1.0 available at /tools/Xilinx/2025.2/data/xhub/boards/XilinxBoardStore/boards/Xilinx/vpk180/production/1.0/board.xml as part xcvp1802-lsvc4072-2mp-e-s specified in board_part file is either invalid or not available
WARNING: [Board 49-26] cannot add Board Part xilinx.com:vpk180:part0:1.1 available at /tools/Xilinx/2025.2/data/xhub/boards/XilinxBoardStore/boards/Xilinx/vpk180/production/1.1/board.xml as part xcvp1802-lsvc4072-2mp-e-s specified in board_part file is either invalid or not available
WARNING: [Board 49-26] cannot add Board Part xilinx.com:vpk180:part0:1.2 available at /tools/Xilinx/2025.2/data/xhub/boards/XilinxBoardStore/boards/Xilinx/vpk180/production/1.2/board.xml as part xcvp1802-lsvc4072-2mp-e-s specified in board_part file is either invalid or not available
WARNING: [Board 49-26] cannot add Board Part xilinx.com:vrk160:part0:1.0 available at /tools/Xilinx/2025.2/data/xhub/boards/XilinxBoardStore/boards/Xilinx/vrk160/1.0/board.xml as part xcvr1602-vsva2488-2mp-e-s-es1 specified in board_part file is either invalid or not available
WARNING: [Board 49-26] cannot add Board Part xilinx.com:vrk160:part0:1.1 available at /tools/Xilinx/2025.2/data/xhub/boards/XilinxBoardStore/boards/Xilinx/vrk160/1.1/board.xml as part xcvr1602-vsva2488-2mp-e-s-es1 specified in board_part file is either invalid or not available
WARNING: [Board 49-26] cannot add Board Part xilinx.com:zcu111:part0:1.2 available at /tools/Xilinx/2025.2/data/xhub/boards/XilinxBoardStore/boards/Xilinx/zcu111/1.2/board.xml as part xczu28dr-ffvg1517-2-e specified in board_part file is either invalid or not available
WARNING: [Board 49-26] cannot add Board Part xilinx.com:zcu111:part0:1.3 available at /tools/Xilinx/2025.2/data/xhub/boards/XilinxBoardStore/boards/Xilinx/zcu111/1.3/board.xml as part xczu28dr-ffvg1517-2-e specified in board_part file is either invalid or not available
WARNING: [Board 49-26] cannot add Board Part xilinx.com:zcu111:part0:1.4 available at /tools/Xilinx/2025.2/data/xhub/boards/XilinxBoardStore/boards/Xilinx/zcu111/1.4/board.xml as part xczu28dr-ffvg1517-2-e specified in board_part file is either invalid or not available
WARNING: [Board 49-26] cannot add Board Part xilinx.com:zcu1275:part0:1.0 available at /tools/Xilinx/2025.2/data/xhub/boards/XilinxBoardStore/boards/Xilinx/zcu1275/1.0/board.xml as part xczu29dr-ffvf1760-2-e specified in board_part file is either invalid or not available
WARNING: [Board 49-26] cannot add Board Part xilinx.com:zcu1285:part0:1.0 available at /tools/Xilinx/2025.2/data/xhub/boards/XilinxBoardStore/boards/Xilinx/zcu1285/1.0/board.xml as part xczu39dr-ffvf1760-2-i specified in board_part file is either invalid or not available
WARNING: [Board 49-26] cannot add Board Part xilinx.com:zcu208:part0:2.0 available at /tools/Xilinx/2025.2/data/xhub/boards/XilinxBoardStore/boards/Xilinx/zcu208/production/2.0/board.xml as part xczu48dr-fsvg1517-2-e specified in board_part file is either invalid or not available
WARNING: [Board 49-26] cannot add Board Part xilinx.com:zcu208ld:part0:2.0 available at /tools/Xilinx/2025.2/data/xhub/boards/XilinxBoardStore/boards/Xilinx/zcu208ld/production/2.0/board.xml as part xczu58dr-fsvg1517-2-i specified in board_part file is either invalid or not available
WARNING: [Board 49-26] cannot add Board Part xilinx.com:zcu216:part0:2.0 available at /tools/Xilinx/2025.2/data/xhub/boards/XilinxBoardStore/boards/Xilinx/zcu216/production/2.0/board.xml as part xczu49dr-ffvf1760-2-e specified in board_part file is either invalid or not available
WARNING: [Board 49-26] cannot add Board Part xilinx.com:zcu216ld:part0:2.0 available at /tools/Xilinx/2025.2/data/xhub/boards/XilinxBoardStore/boards/Xilinx/zcu216ld/production/2.0/board.xml as part xczu59dr-ffvf1760-2-i specified in board_part file is either invalid or not available
INFO: [Common 17-14] Message 'Board 49-26' appears 100 times and further instances of the messages will be disabled. Use the Tcl command set_msg_config to change the current settings.
create_project C-RTL_Cosim_Memory /home/user25/Xilinx/Vivado/Projects/C-RTL_Cosim-Memory/C-RTL_Cosim_Memory -part xcku5p-ffvb676-2-e
INFO: [IP_Flow 19-234] Refreshing IP repositories
INFO: [IP_Flow 19-1704] No user IP repositories specified
INFO: [IP_Flow 19-2313] Loaded Vivado IP repository '/tools/Xilinx/2025.2/data/ip'.
set_property board_part xilinx.com:kcu116:part0:1.5 [current_project]
cd
dir
WARNING: [Common 17-259] Unknown Tcl command 'dir' sending command to the OS shell for execution. It is recommended to use 'exec' to send the command to the OS shell.
Desktop    Downloads  Music	Projects  qflow_test  Videos
Documents  lab_work   Pictures	Public	  Templates   Xilinx
cd Xilinx
dir
WARNING: [Common 17-259] Unknown Tcl command 'dir' sending command to the OS shell for execution. It is recommended to use 'exec' to send the command to the OS shell.
Vivado
cd Vivado
ls
WARNING: [Common 17-259] Unknown Tcl command 'ls' sending command to the OS shell for execution. It is recommended to use 'exec' to send the command to the OS shell.
Projects
cd Projects
ls
WARNING: [Common 17-259] Unknown Tcl command 'ls' sending command to the OS shell for execution. It is recommended to use 'exec' to send the command to the OS shell.
Accumulator1
Adder_UVM
C-RTL_Cosim-Memory
C-RTL_Cosim-tutorial
Memory_Test
Mem_UVM
vivado.jou
vivado.log
xvlog.pb
cd C-RTL_Cosim-Memory
ls
WARNING: [Common 17-259] Unknown Tcl command 'ls' sending command to the OS shell for execution. It is recommended to use 'exec' to send the command to the OS shell.
Ccode.c
C-RTL_Cosim_Memory
dual_port_ram.sv
run.sh
top.sv
vivado.jou
vivado.log
vivado_pid222560.str
dir
WARNING: [Common 17-259] Unknown Tcl command 'dir' sending command to the OS shell for execution. It is recommended to use 'exec' to send the command to the OS shell.
Ccode.c		    dual_port_ram.sv  top.sv	  vivado.log
C-RTL_Cosim_Memory  run.sh	      vivado.jou  vivado_pid222560.str
source run.sh
# exec xvlog -sv dual_port_ram.sv top.sv
# exec xelab -dpiheader dpiheader.h -svlog top.sv
Vivado Simulator v2025.2
Copyright 1986-2022 Xilinx, Inc. All Rights Reserved.
Copyright 2022-2025 Advanced Micro Devices, Inc. All Rights Reserved.
Running: /tools/Xilinx/2025.2/Vivado/bin/unwrapped/lnx64.o/xelab -dpiheader dpiheader.h -svlog top.sv 
Multi-threading is on. Using 46 slave threads.
INFO: [VRFC 10-2263] Analyzing SystemVerilog file "/home/user25/Xilinx/Vivado/Projects/C-RTL_Cosim-Memory/top.sv" into library work
INFO: [VRFC 10-311] analyzing module top
Starting static elaboration
Pass Through NonSizing Optimizer
ERROR: [VRFC 10-2989] 'tb_dual_port_ram_dpi' is not declared [/home/user25/Xilinx/Vivado/Projects/C-RTL_Cosim-Memory/top.sv:69]
ERROR: [XSIM 43-3322] Static elaboration of top level Verilog design unit(s) in library work failed.
child process exited abnormally
    while executing
"exec xelab -dpiheader dpiheader.h -svlog top.sv"
    (file "run.sh" line 2)
source run.sh
# exec xvlog -sv dual_port_ram.sv top.sv
# exec xelab -dpiheader dpiheader.h -svlog top.sv
# exec xsc Ccode.c
Multi-threading is on. Using 46 slave threads.
Running compilation flow/tools/Xilinx/2025.2/Vivado/lib/lnx64.o/../../tps/lnx64/gcc-9.3.0/bin/gcc  -fPIC -c -Wa,-W -fPIC -m64 -B/tools/Xilinx/2025.2/Vivado/lib/lnx64.o/../../tps/lnx64/gcc-9.3.0/bin/../../binutils-2.42/bin/    -I"/tools/Xilinx/2025.2/data/xsim/include" -I"/tools/Xilinx/2025.2/data/xsim/systemc" "Ccode.c" -o "xsim.dir/work/xsc/Ccode.lnx64.o" -DXILINX_SIMULATOR -Wno-deprecated-declarations 
ERROR: [XSIM 43-3410] Failed to compile one of the generated C files.
Please recompile with "-mt off -v 1" switch to identify which design unit failed.
Ccode.c:12:10: fatal error: iostream: No such file or directory
   12 | #include <iostream>
      |          ^~~~~~~~~~
compilation terminated.
    while executing
"exec xsc Ccode.c"
    (file "run.sh" line 3)
source run.sh
# exec xvlog -sv dual_port_ram.sv top.sv
# exec xelab -dpiheader dpiheader.h -svlog top.sv
# exec xsc Ccode.cpp
Multi-threading is on. Using 46 slave threads.
Running compilation flow/tools/Xilinx/2025.2/Vivado/lib/lnx64.o/../../tps/lnx64/gcc-9.3.0/bin/g++  -fPIC -c -Wa,-W -fPIC -m64 -B/tools/Xilinx/2025.2/Vivado/lib/lnx64.o/../../tps/lnx64/gcc-9.3.0/bin/../../binutils-2.42/bin/    -I"/tools/Xilinx/2025.2/data/xsim/include" -I"/tools/Xilinx/2025.2/data/xsim/systemc" "Ccode.cpp" -o "xsim.dir/work/xsc/Ccode.lnx64.o" -DXILINX_SIMULATOR -Wno-deprecated-declarations 
ERROR: [XSIM 43-3410] Failed to compile one of the generated C files.
Please recompile with "-mt off -v 1" switch to identify which design unit failed.
Ccode.cpp:24:17: error: conflicting declaration of C function ‘void sv_tick(unsigned char, short unsigned int, unsigned char, unsigned char*, unsigned char, short unsigned int, unsigned char, unsigned char*)’
   24 |     extern void sv_tick(
      |                 ^~~~~~~
In file included from Ccode.cpp:1:
dpiheader.h:29:21: note: previous declaration ‘int sv_tick(char, short int, char, char*, char, short int, char, char*)’
   29 | DPI_LINKER_DECL int sv_tick(
      |                     ^~~~~~~
Ccode.cpp:30:10: error: conflicting declaration of C function ‘void run_cpp_test()’
   30 |     void run_cpp_test();
      |          ^~~~~~~~~~~~
In file included from Ccode.cpp:1:
dpiheader.h:36:34: note: previous declaration ‘int run_cpp_test()’
   36 | DPI_LINKER_DECL DPI_DLLESPEC int run_cpp_test(
      |                                  ^~~~~~~~~~~~
    while executing
"exec xsc Ccode.cpp"
    (file "run.sh" line 3)
source run.sh
# exec xvlog -sv dual_port_ram.sv top.sv
# exec xelab -dpiheader dpiheader.h -svlog top.sv
# exec xsc Ccode.cpp
# exec xelab -svlog top.sv -sv_lib dpi -R
Vivado Simulator v2025.2
Copyright 1986-2022 Xilinx, Inc. All Rights Reserved.
Copyright 2022-2025 Advanced Micro Devices, Inc. All Rights Reserved.
Running: /tools/Xilinx/2025.2/Vivado/bin/unwrapped/lnx64.o/xelab -svlog top.sv -sv_lib dpi -R 
Multi-threading is on. Using 46 slave threads.
INFO: [VRFC 10-2263] Analyzing SystemVerilog file "/home/user25/Xilinx/Vivado/Projects/C-RTL_Cosim-Memory/top.sv" into library work
INFO: [VRFC 10-311] analyzing module top
Starting static elaboration
Pass Through NonSizing Optimizer
Completed static elaboration
Starting simulation data flow analysis
Completed simulation data flow analysis
Time Resolution for simulation is 1ps
Compiling module work.dual_port_ram
Compiling module work.top
Built simulation snapshot work.top

****** xsim v2025.2 (64-bit)
  **** SW Build 6299465 on Fri Nov 14 12:34:56 MST 2025
  **** IP Build 6300035 on Fri Nov 14 10:48:45 MST 2025
  **** SharedData Build 6298862 on Thu Nov 13 04:50:51 MST 2025
  **** Start of session at: Wed May 27 20:39:39 2026
    ** Copyright 1986-2022 Xilinx, Inc. All Rights Reserved.
    ** Copyright 2022-2025 Advanced Micro Devices, Inc. All Rights Reserved.

source xsim.dir/work.top/xsim_script.tcl
# xsim {work.top} -autoloadwcfg -runall
Time resolution is 1 ps
run -all
==================================================
   STARTING C++ GOLDEN MODEL CO-SIMULATION
==================================================

[PHASE 1] Running Random R/W on Port A...
   -> PASSED [Isolated A] Model and Hardware match perfectly!
   -> PASSED [Isolated A] Model and Hardware match perfectly!
   -> PASSED [Isolated A] Model and Hardware match perfectly!
   -> PASSED [Isolated A] Model and Hardware match perfectly!
   -> PASSED [Isolated A] Model and Hardware match perfectly!

[PHASE 2] Running Random R/W on Port B...
   -> PASSED [Isolated B] Model and Hardware match perfectly!
   -> PASSED [Isolated B] Model and Hardware match perfectly!
   -> PASSED [Isolated B] Model and Hardware match perfectly!
   -> PASSED [Isolated B] Model and Hardware match perfectly!
   -> PASSED [Isolated B] Model and Hardware match perfectly!

[PHASE 3] Running Concurrent R/W on Both Ports...

[PHASE 4] Executing Write-Write Collision Scenario...

==================================================
   C++ SIMULATION COMPLETE
==================================================
$finish called at time : 340 ns : File "/home/user25/Xilinx/Vivado/Projects/C-RTL_Cosim-Memory/top.sv" Line 72
exit
INFO: xsimkernel Simulation Memory Usage: 525228 KB (Peak: 590504 KB), Simulation CPU Usage: 1770 ms
INFO: [Common 17-206] Exiting xsim at Wed May 27 20:39:43 2026...
source run.sh
# exec xvlog -sv dual_port_ram.sv top.sv
# exec xelab -dpiheader dpiheader.h -svlog top.sv
# exec xsc Ccode.cpp
# exec xelab -svlog top.sv -sv_lib dpi -R
Vivado Simulator v2025.2
Copyright 1986-2022 Xilinx, Inc. All Rights Reserved.
Copyright 2022-2025 Advanced Micro Devices, Inc. All Rights Reserved.
Running: /tools/Xilinx/2025.2/Vivado/bin/unwrapped/lnx64.o/xelab -svlog top.sv -sv_lib dpi -R 
Multi-threading is on. Using 46 slave threads.
INFO: [VRFC 10-2263] Analyzing SystemVerilog file "/home/user25/Xilinx/Vivado/Projects/C-RTL_Cosim-Memory/top.sv" into library work
INFO: [VRFC 10-311] analyzing module top
Starting static elaboration
Pass Through NonSizing Optimizer
Completed static elaboration
Starting simulation data flow analysis
Completed simulation data flow analysis
Time Resolution for simulation is 1ps
Compiling module work.dual_port_ram
Compiling module work.top
Built simulation snapshot work.top

****** xsim v2025.2 (64-bit)
  **** SW Build 6299465 on Fri Nov 14 12:34:56 MST 2025
  **** IP Build 6300035 on Fri Nov 14 10:48:45 MST 2025
  **** SharedData Build 6298862 on Thu Nov 13 04:50:51 MST 2025
  **** Start of session at: Wed May 27 20:46:14 2026
    ** Copyright 1986-2022 Xilinx, Inc. All Rights Reserved.
    ** Copyright 2022-2025 Advanced Micro Devices, Inc. All Rights Reserved.

source xsim.dir/work.top/xsim_script.tcl
# xsim {work.top} -autoloadwcfg -runall
Time resolution is 1 ps
run -all
==================================================
   STARTING C++ GOLDEN MODEL CO-SIMULATION
==================================================

[PHASE 1] Running Random R/W on Port A...
   -> PASSED [Isolated A] Port A | Addr: 0x03c6 | Wrote/Exp: 0x67 | Read: 0x67
   -> PASSED [Isolated A] Port B | Addr: 0x0000 | Wrote/Exp: 0x00 | Read: 0x00
   -> PASSED [Isolated A] Port A | Addr: 0x0873 | Wrote/Exp: 0x69 | Read: 0x69
   -> PASSED [Isolated A] Port B | Addr: 0x0000 | Wrote/Exp: 0x00 | Read: 0x00
   -> PASSED [Isolated A] Port A | Addr: 0x1cff | Wrote/Exp: 0x51 | Read: 0x51
   -> PASSED [Isolated A] Port B | Addr: 0x0000 | Wrote/Exp: 0x00 | Read: 0x00
   -> PASSED [Isolated A] Port A | Addr: 0x18ec | Wrote/Exp: 0x4a | Read: 0x4a
   -> PASSED [Isolated A] Port B | Addr: 0x0000 | Wrote/Exp: 0x00 | Read: 0x00
   -> PASSED [Isolated A] Port A | Addr: 0x1ccd | Wrote/Exp: 0x29 | Read: 0x29
   -> PASSED [Isolated A] Port B | Addr: 0x0000 | Wrote/Exp: 0x00 | Read: 0x00

[PHASE 2] Running Random R/W on Port B...
   -> PASSED [Isolated B] Port A | Addr: 0x0000 | Wrote/Exp: 0x00 | Read: 0x00
   -> PASSED [Isolated B] Port B | Addr: 0x17ab | Wrote/Exp: 0xba | Read: 0xba
   -> PASSED [Isolated B] Port A | Addr: 0x0000 | Wrote/Exp: 0x00 | Read: 0x00
   -> PASSED [Isolated B] Port B | Addr: 0x1efb | Wrote/Exp: 0xf2 | Read: 0xf2
   -> PASSED [Isolated B] Port A | Addr: 0x0000 | Wrote/Exp: 0x00 | Read: 0x00
   -> PASSED [Isolated B] Port B | Addr: 0x0146 | Wrote/Exp: 0xe3 | Read: 0xe3
   -> PASSED [Isolated B] Port A | Addr: 0x0000 | Wrote/Exp: 0x00 | Read: 0x00
   -> PASSED [Isolated B] Port B | Addr: 0x02c2 | Wrote/Exp: 0x7c | Read: 0x7c
   -> PASSED [Isolated B] Port A | Addr: 0x0000 | Wrote/Exp: 0x00 | Read: 0x00
   -> PASSED [Isolated B] Port B | Addr: 0x07f8 | Wrote/Exp: 0x54 | Read: 0x54

[PHASE 3] Running Concurrent R/W on Both Ports...
   -> PASSED [Concurrent] Port A | Addr: 0x01ad | Wrote/Exp: 0xe7 | Read: 0xe7
   -> PASSED [Concurrent] Port B | Addr: 0x1cc9 | Wrote/Exp: 0x1b | Read: 0x1b
   -> PASSED [Concurrent] Port A | Addr: 0x0463 | Wrote/Exp: 0x2e | Read: 0x2e
   -> PASSED [Concurrent] Port B | Addr: 0x159b | Wrote/Exp: 0x76 | Read: 0x76
   -> PASSED [Concurrent] Port A | Addr: 0x0eda | Wrote/Exp: 0xc9 | Read: 0xc9
   -> PASSED [Concurrent] Port B | Addr: 0x1be0 | Wrote/Exp: 0x33 | Read: 0x33
   -> PASSED [Concurrent] Port A | Addr: 0x0877 | Wrote/Exp: 0x0d | Read: 0x0d
   -> PASSED [Concurrent] Port B | Addr: 0x1b93 | Wrote/Exp: 0x66 | Read: 0x66
   -> PASSED [Concurrent] Port A | Addr: 0x07fa | Wrote/Exp: 0xa3 | Read: 0xa3
   -> PASSED [Concurrent] Port B | Addr: 0x1939 | Wrote/Exp: 0x31 | Read: 0x31

[PHASE 4] Executing Write-Write Collision Scenario...
   -> PASSED [WR-WR Collision] Port A | Addr: 0x0700 | Wrote/Exp: 0xbb | Read: 0xbb
   -> PASSED [WR-WR Collision] Port B | Addr: 0x0700 | Wrote/Exp: 0xbb | Read: 0xbb

==================================================
   C++ SIMULATION COMPLETE
==================================================
$finish called at time : 340 ns : File "/home/user25/Xilinx/Vivado/Projects/C-RTL_Cosim-Memory/top.sv" Line 72
exit
INFO: xsimkernel Simulation Memory Usage: 525224 KB (Peak: 590500 KB), Simulation CPU Usage: 1760 ms
INFO: [Common 17-206] Exiting xsim at Wed May 27 20:46:17 2026...
source run.sh
# exec xvlog -sv dual_port_ram.sv top.sv
# exec xelab -dpiheader dpiheader.h -svlog top.sv
# exec xsc Ccode.cpp
# exec xelab -svlog top.sv -sv_lib dpi -R
Vivado Simulator v2025.2
Copyright 1986-2022 Xilinx, Inc. All Rights Reserved.
Copyright 2022-2025 Advanced Micro Devices, Inc. All Rights Reserved.
Running: /tools/Xilinx/2025.2/Vivado/bin/unwrapped/lnx64.o/xelab -svlog top.sv -sv_lib dpi -R 
Multi-threading is on. Using 46 slave threads.
INFO: [VRFC 10-2263] Analyzing SystemVerilog file "/home/user25/Xilinx/Vivado/Projects/C-RTL_Cosim-Memory/top.sv" into library work
INFO: [VRFC 10-311] analyzing module top
Starting static elaboration
Pass Through NonSizing Optimizer
Completed static elaboration
Starting simulation data flow analysis
Completed simulation data flow analysis
Time Resolution for simulation is 1ps
Compiling module work.dual_port_ram
Compiling module work.top
Built simulation snapshot work.top

****** xsim v2025.2 (64-bit)
  **** SW Build 6299465 on Fri Nov 14 12:34:56 MST 2025
  **** IP Build 6300035 on Fri Nov 14 10:48:45 MST 2025
  **** SharedData Build 6298862 on Thu Nov 13 04:50:51 MST 2025
  **** Start of session at: Wed May 27 20:56:13 2026
    ** Copyright 1986-2022 Xilinx, Inc. All Rights Reserved.
    ** Copyright 2022-2025 Advanced Micro Devices, Inc. All Rights Reserved.

source xsim.dir/work.top/xsim_script.tcl
# xsim {work.top} -autoloadwcfg -runall
Time resolution is 1 ps
run -all
==================================================
   STARTING DPI-C GOLDEN MODEL SIMULATION
==================================================

[CRITERIA 1] Basic Read/Write...
   --- Isolated Port A ---
   -> PASSED [Basic R/W] Port A | Addr: 0x0567 | Exp: 0xc6 | Got: 0xc6
   -> PASSED [Basic R/W] Port A | Addr: 0x1869 | Exp: 0x73 | Got: 0x73
   -> PASSED [Basic R/W] Port A | Addr: 0x1c51 | Exp: 0xff | Got: 0xff
   --- Isolated Port B ---
   -> PASSED [Basic R/W] Port B | Addr: 0x144a | Exp: 0xec | Got: 0xec
   -> PASSED [Basic R/W] Port B | Addr: 0x1f29 | Exp: 0xcd | Got: 0xcd
   -> PASSED [Basic R/W] Port B | Addr: 0x18ba | Exp: 0xab | Got: 0xab
   --- Simultaneous Non-Colliding ---
   -> PASSED [Basic R/W] Port A | Addr: 0x02b2 | Exp: 0xe3 | Got: 0xe3
   -> PASSED [Basic R/W] Port B | Addr: 0x0fdc | Exp: 0x46 | Got: 0x46
   -> PASSED [Basic R/W] Port A | Addr: 0x021c | Exp: 0x54 | Got: 0x54
   -> PASSED [Basic R/W] Port B | Addr: 0x1d03 | Exp: 0xf8 | Got: 0xf8
   -> PASSED [Basic R/W] Port A | Addr: 0x04bb | Exp: 0xe7 | Got: 0xe7
   -> PASSED [Basic R/W] Port B | Addr: 0x1cc9 | Exp: 0x8d | Got: 0x8d

[CRITERIA 2] Cross-Port Verification (Write A -> Read B)...
   -> PASSED [Cross-Port] Port B | Addr: 0x0f76 | Exp: 0x5a | Got: 0x5a
   -> PASSED [Cross-Port] Port B | Addr: 0x192e | Exp: 0x63 | Got: 0x63
   -> PASSED [Cross-Port] Port B | Addr: 0x0233 | Exp: 0x9f | Got: 0x9f

[CRITERIA 3] Concurrent Access Scenarios...
   -> PASSED [RD-WR Coll.] Port B | Addr: 0x0500 | Exp: 0x22 | Got: 0x22
   -> PASSED [WR-WR Coll.] Port A | Addr: 0x0700 | Exp: 0xbb | Got: 0xbb

[CRITERIA 4] Full Range Sweep (Boundaries 0x0000 and 0x1FFF)...
   -> PASSED [Boundary] Port A | Addr: 0x0000 | Exp: 0x11 | Got: 0x11
   -> PASSED [Boundary] Port B | Addr: 0x1fff | Exp: 0x99 | Got: 0x99

==================================================
   DPI-C SIMULATION COMPLETE
==================================================
$finish called at time : 350 ns : File "/home/user25/Xilinx/Vivado/Projects/C-RTL_Cosim-Memory/top.sv" Line 72
exit
INFO: xsimkernel Simulation Memory Usage: 525224 KB (Peak: 590500 KB), Simulation CPU Usage: 1750 ms
INFO: [Common 17-206] Exiting xsim at Wed May 27 20:56:16 2026...
exit
INFO: [Common 17-206] Exiting Vivado at Wed May 27 20:58:20 2026...
