  CREATE_STREAM @0 {NAME:seq T:Transactions SCOPE:uvm_test_top.env.agent.sequencer STREAM:601}
  CREATE_STREAM @0 {NAME:seq T:Transactions SCOPE:uvm_test_top.env.agent.sequencer STREAM:601}
  CREATE_STREAM @0 {NAME:dir_seq T:Transactions SCOPE:uvm_test_top.env.agent.sequencer STREAM:626}
  CREATE_STREAM @120000 {NAME:rnd_seq T:Transactions SCOPE:uvm_test_top.env.agent.sequencer STREAM:703}
  CREATE_STREAM @0 {NAME:dir_seq T:Transactions SCOPE:uvm_test_top.env.agent.sequencer STREAM:626}
  CREATE_STREAM @80000 {NAME:rnd_seq T:Transactions SCOPE:uvm_test_top.env.agent.sequencer STREAM:731}
  CREATE_STREAM @0 {NAME:dir_seq T:Transactions SCOPE:uvm_test_top.env.agent.sequencer STREAM:626}
  CREATE_STREAM @80000 {NAME:rnd_seq T:Transactions SCOPE:uvm_test_top.env.agent.sequencer STREAM:731}
  CREATE_STREAM @0 {NAME:dir_seq T:Transactions SCOPE:uvm_test_top.env.agent.sequencer STREAM:626}
  CREATE_STREAM @80000 {NAME:rnd_seq T:Transactions SCOPE:uvm_test_top.env.agent.sequencer STREAM:731}
  CREATE_STREAM @0 {NAME:dir_seq T:Transactions SCOPE:uvm_test_top.env.agent.sequencer STREAM:626}
  CREATE_STREAM @80000 {NAME:rnd_seq T:Transactions SCOPE:uvm_test_top.env.agent.sequencer STREAM:731}
  CREATE_STREAM @0 {NAME:dir_seq T:Transactions SCOPE:uvm_test_top.env.agent.sequencer STREAM:626}
  CREATE_STREAM @80000 {NAME:rnd_seq T:Transactions SCOPE:uvm_test_top.env.agent.sequencer STREAM:731}
  CREATE_STREAM @0 {NAME:dir_seq T:Transactions SCOPE:uvm_test_top.env.agent.sequencer STREAM:626}
  CREATE_STREAM @80000 {NAME:rnd_seq T:Transactions SCOPE:uvm_test_top.env.agent.sequencer STREAM:731}
  CREATE_STREAM @0 {NAME:dir_seq T:Transactions SCOPE:uvm_test_top.env.agent.sequencer STREAM:626}
  CREATE_STREAM @100000 {NAME:class_seq T:Transactions SCOPE:uvm_test_top.env.agent.sequencer STREAM:749}
  CREATE_STREAM @0 {NAME:dir_seq T:Transactions SCOPE:uvm_test_top.env.agent.sequencer STREAM:626}
  CREATE_STREAM @100000 {NAME:class_seq T:Transactions SCOPE:uvm_test_top.env.agent.sequencer STREAM:749}
  CREATE_STREAM @0 {NAME:dir_seq T:Transactions SCOPE:uvm_test_top.env.agent.sequencer STREAM:626}
  CREATE_STREAM @100000 {NAME:class_seq T:Transactions SCOPE:uvm_test_top.env.agent.sequencer STREAM:749}
  CREATE_STREAM @0 {NAME:dir_seq T:Transactions SCOPE:uvm_test_top.env.agent.sequencer STREAM:626}
  CREATE_STREAM @100000 {NAME:class_seq T:Transactions SCOPE:uvm_test_top.env.agent.sequencer STREAM:749}
  CREATE_STREAM @0 {NAME:master_seq T:Transactions SCOPE:uvm_test_top.env.agent.sequencer STREAM:622}
  CREATE_STREAM @0 {NAME:seq_1_2 T:Transactions SCOPE:uvm_test_top.env.agent.sequencer STREAM:645}
  CREATE_STREAM @200000 {NAME:seq_3 T:Transactions SCOPE:uvm_test_top.env.agent.sequencer STREAM:777}
  CREATE_STREAM @260000 {NAME:seq_4 T:Transactions SCOPE:uvm_test_top.env.agent.sequencer STREAM:809}
  CREATE_STREAM @0 {NAME:master_seq T:Transactions SCOPE:uvm_test_top.env.agent.sequencer STREAM:622}
  CREATE_STREAM @0 {NAME:seq_1_2 T:Transactions SCOPE:uvm_test_top.env.agent.sequencer STREAM:645}
  CREATE_STREAM @200000 {NAME:seq_3 T:Transactions SCOPE:uvm_test_top.env.agent.sequencer STREAM:777}
  CREATE_STREAM @260000 {NAME:seq_4 T:Transactions SCOPE:uvm_test_top.env.agent.sequencer STREAM:809}
  CREATE_STREAM @0 {NAME:master_seq T:Transactions SCOPE:uvm_test_top.env.agent.sequencer STREAM:622}
  CREATE_STREAM @0 {NAME:seq_1_2 T:Transactions SCOPE:uvm_test_top.env.agent.sequencer STREAM:645}
  CREATE_STREAM @840000 {NAME:seq_3 T:Transactions SCOPE:uvm_test_top.env.agent.sequencer STREAM:1145}
  CREATE_STREAM @900000 {NAME:seq_4 T:Transactions SCOPE:uvm_test_top.env.agent.sequencer STREAM:1177}
  CREATE_STREAM @0 {NAME:master_seq T:Transactions SCOPE:uvm_test_top.env.agent.sequencer STREAM:622}
  CREATE_STREAM @0 {NAME:seq_1_2 T:Transactions SCOPE:uvm_test_top.env.agent.sequencer STREAM:645}
  CREATE_STREAM @840000 {NAME:seq_3 T:Transactions SCOPE:uvm_test_top.env.agent.sequencer STREAM:1145}
  CREATE_STREAM @900000 {NAME:seq_4 T:Transactions SCOPE:uvm_test_top.env.agent.sequencer STREAM:1177}
  CREATE_STREAM @0 {NAME:master_seq T:Transactions SCOPE:uvm_test_top.env.agent.sequencer STREAM:622}
  CREATE_STREAM @0 {NAME:seq_1_2 T:Transactions SCOPE:uvm_test_top.env.agent.sequencer STREAM:645}
  CREATE_STREAM @760000 {NAME:seq_3 T:Transactions SCOPE:uvm_test_top.env.agent.sequencer STREAM:1093}
  CREATE_STREAM @820000 {NAME:seq_4 T:Transactions SCOPE:uvm_test_top.env.agent.sequencer STREAM:1125}
  CREATE_STREAM @0 {NAME:master_seq T:Transactions SCOPE:uvm_test_top.env.agent.sequencer STREAM:622}
  CREATE_STREAM @0 {NAME:seq_1_2 T:Transactions SCOPE:uvm_test_top.env.agent.sequencer STREAM:645}
  CREATE_STREAM @760000 {NAME:seq_3 T:Transactions SCOPE:uvm_test_top.env.agent.sequencer STREAM:1093}
  CREATE_STREAM @820000 {NAME:seq_4 T:Transactions SCOPE:uvm_test_top.env.agent.sequencer STREAM:1125}
  CREATE_STREAM @0 {NAME:master_seq T:Transactions SCOPE:uvm_test_top.env.agent.sequencer STREAM:622}
  CREATE_STREAM @0 {NAME:seq_1_2 T:Transactions SCOPE:uvm_test_top.env.agent.sequencer STREAM:645}
  CREATE_STREAM @760000 {NAME:seq_3 T:Transactions SCOPE:uvm_test_top.env.agent.sequencer STREAM:1037}
  CREATE_STREAM @820000 {NAME:seq_4 T:Transactions SCOPE:uvm_test_top.env.agent.sequencer STREAM:1069}
  CREATE_STREAM @0 {NAME:master_seq T:Transactions SCOPE:uvm_test_top.env.agent.sequencer STREAM:622}
  CREATE_STREAM @0 {NAME:seq_1_2 T:Transactions SCOPE:uvm_test_top.env.agent.sequencer STREAM:645}
  CREATE_STREAM @760000 {NAME:seq_3 T:Transactions SCOPE:uvm_test_top.env.agent.sequencer STREAM:1037}
  CREATE_STREAM @820000 {NAME:seq_4 T:Transactions SCOPE:uvm_test_top.env.agent.sequencer STREAM:1069}
  CREATE_STREAM @0 {NAME:master_seq T:Transactions SCOPE:uvm_test_top.env.agent.sequencer STREAM:622}
  CREATE_STREAM @0 {NAME:seq_1_2 T:Transactions SCOPE:uvm_test_top.env.agent.sequencer STREAM:645}
  CREATE_STREAM @760000 {NAME:seq_3 T:Transactions SCOPE:uvm_test_top.env.agent.sequencer STREAM:1037}
  CREATE_STREAM @820000 {NAME:seq_4 T:Transactions SCOPE:uvm_test_top.env.agent.sequencer STREAM:1069}
  CREATE_STREAM @0 {NAME:master_seq T:Transactions SCOPE:uvm_test_top.env.agent.sequencer STREAM:622}
  CREATE_STREAM @0 {NAME:seq_1_2 T:Transactions SCOPE:uvm_test_top.env.agent.sequencer STREAM:645}
  CREATE_STREAM @760000 {NAME:seq_3 T:Transactions SCOPE:uvm_test_top.env.agent.sequencer STREAM:1037}
  CREATE_STREAM @820000 {NAME:seq_4 T:Transactions SCOPE:uvm_test_top.env.agent.sequencer STREAM:1069}
  CREATE_STREAM @0 {NAME:master_seq T:Transactions SCOPE:uvm_test_top.env.agent.sequencer STREAM:622}
  CREATE_STREAM @0 {NAME:seq_1_2 T:Transactions SCOPE:uvm_test_top.env.agent.sequencer STREAM:645}
  CREATE_STREAM @760000 {NAME:seq_3 T:Transactions SCOPE:uvm_test_top.env.agent.sequencer STREAM:1037}
  CREATE_STREAM @820000 {NAME:seq_4 T:Transactions SCOPE:uvm_test_top.env.agent.sequencer STREAM:1069}
  CREATE_STREAM @0 {NAME:master_seq T:Transactions SCOPE:uvm_test_top.env.agent.sequencer STREAM:622}
  CREATE_STREAM @0 {NAME:seq_1_2 T:Transactions SCOPE:uvm_test_top.env.agent.sequencer STREAM:645}
  CREATE_STREAM @760000 {NAME:seq_3 T:Transactions SCOPE:uvm_test_top.env.agent.sequencer STREAM:1037}
  CREATE_STREAM @820000 {NAME:seq_4 T:Transactions SCOPE:uvm_test_top.env.agent.sequencer STREAM:1069}
  CREATE_STREAM @0 {NAME:master_seq T:Transactions SCOPE:uvm_test_top.env.agent.sequencer STREAM:622}
  CREATE_STREAM @0 {NAME:seq_1_2 T:Transactions SCOPE:uvm_test_top.env.agent.sequencer STREAM:645}
  CREATE_STREAM @760000 {NAME:seq_3 T:Transactions SCOPE:uvm_test_top.env.agent.sequencer STREAM:1037}
  CREATE_STREAM @820000 {NAME:seq_4 T:Transactions SCOPE:uvm_test_top.env.agent.sequencer STREAM:1069}
  CREATE_STREAM @0 {NAME:master_seq T:Transactions SCOPE:uvm_test_top.env.agent.sequencer STREAM:622}
  CREATE_STREAM @0 {NAME:seq_1_2 T:Transactions SCOPE:uvm_test_top.env.agent.sequencer STREAM:645}
  CREATE_STREAM @760000 {NAME:seq_3 T:Transactions SCOPE:uvm_test_top.env.agent.sequencer STREAM:1037}
  CREATE_STREAM @820000 {NAME:seq_4 T:Transactions SCOPE:uvm_test_top.env.agent.sequencer STREAM:1069}
  CREATE_STREAM @0 {NAME:master_seq T:Transactions SCOPE:uvm_test_top.env.agent.sequencer STREAM:622}
  CREATE_STREAM @0 {NAME:seq_1_2 T:Transactions SCOPE:uvm_test_top.env.agent.sequencer STREAM:645}
  CREATE_STREAM @480000 {NAME:seq_3 T:Transactions SCOPE:uvm_test_top.env.agent.sequencer STREAM:907}
  CREATE_STREAM @540000 {NAME:seq_4 T:Transactions SCOPE:uvm_test_top.env.agent.sequencer STREAM:939}
  CREATE_STREAM @0 {NAME:master_seq T:Transactions SCOPE:uvm_test_top.env.agent.sequencer STREAM:622}
  CREATE_STREAM @0 {NAME:seq_1_2 T:Transactions SCOPE:uvm_test_top.env.agent.sequencer STREAM:645}
  CREATE_STREAM @480000 {NAME:seq_3 T:Transactions SCOPE:uvm_test_top.env.agent.sequencer STREAM:907}
  CREATE_STREAM @540000 {NAME:seq_4 T:Transactions SCOPE:uvm_test_top.env.agent.sequencer STREAM:939}
  CREATE_STREAM @0 {NAME:master_seq T:Transactions SCOPE:uvm_test_top.env.agent.sequencer STREAM:622}
  CREATE_STREAM @0 {NAME:seq_1_2 T:Transactions SCOPE:uvm_test_top.env.agent.sequencer STREAM:645}
  CREATE_STREAM @480000 {NAME:seq_3 T:Transactions SCOPE:uvm_test_top.env.agent.sequencer STREAM:907}
  CREATE_STREAM @540000 {NAME:seq_4 T:Transactions SCOPE:uvm_test_top.env.agent.sequencer STREAM:939}
  CREATE_STREAM @0 {NAME:master_seq T:Transactions SCOPE:uvm_test_top.env.agent.sequencer STREAM:622}
  CREATE_STREAM @0 {NAME:seq_1_2 T:Transactions SCOPE:uvm_test_top.env.agent.sequencer STREAM:645}
  CREATE_STREAM @480000 {NAME:seq_3 T:Transactions SCOPE:uvm_test_top.env.agent.sequencer STREAM:907}
  CREATE_STREAM @540000 {NAME:seq_4 T:Transactions SCOPE:uvm_test_top.env.agent.sequencer STREAM:939}
  CREATE_STREAM @0 {NAME:master_seq T:Transactions SCOPE:uvm_test_top.env.agent.sequencer STREAM:622}
  CREATE_STREAM @0 {NAME:seq_1_2 T:Transactions SCOPE:uvm_test_top.env.agent.sequencer STREAM:645}
  CREATE_STREAM @480000 {NAME:seq_3 T:Transactions SCOPE:uvm_test_top.env.agent.sequencer STREAM:907}
  CREATE_STREAM @540000 {NAME:seq_4 T:Transactions SCOPE:uvm_test_top.env.agent.sequencer STREAM:939}
  CREATE_STREAM @0 {NAME:master_seq T:Transactions SCOPE:uvm_test_top.env.agent.sequencer STREAM:622}
  CREATE_STREAM @0 {NAME:seq_1_2 T:Transactions SCOPE:uvm_test_top.env.agent.sequencer STREAM:645}
  CREATE_STREAM @250000 {NAME:seq_3 T:Transactions SCOPE:uvm_test_top.env.agent.sequencer STREAM:833}
  CREATE_STREAM @280000 {NAME:seq_4 T:Transactions SCOPE:uvm_test_top.env.agent.sequencer STREAM:855}
  CREATE_STREAM @0 {NAME:master_seq T:Transactions SCOPE:uvm_test_top.env.agent.sequencer STREAM:622}
  CREATE_STREAM @0 {NAME:seq_1_2 T:Transactions SCOPE:uvm_test_top.env.agent.sequencer STREAM:645}
  CREATE_STREAM @480000 {NAME:seq_3 T:Transactions SCOPE:uvm_test_top.env.agent.sequencer STREAM:907}
  CREATE_STREAM @540000 {NAME:seq_4 T:Transactions SCOPE:uvm_test_top.env.agent.sequencer STREAM:939}
  CREATE_STREAM @0 {NAME:master_seq T:Transactions SCOPE:uvm_test_top.env.agent.sequencer STREAM:622}
  CREATE_STREAM @0 {NAME:seq_1_2 T:Transactions SCOPE:uvm_test_top.env.agent.sequencer STREAM:645}
  CREATE_STREAM @480000 {NAME:seq_3 T:Transactions SCOPE:uvm_test_top.env.agent.sequencer STREAM:907}
  CREATE_STREAM @540000 {NAME:seq_4 T:Transactions SCOPE:uvm_test_top.env.agent.sequencer STREAM:939}
  CREATE_STREAM @0 {NAME:master_seq T:Transactions SCOPE:uvm_test_top.env.agent.sequencer STREAM:622}
  CREATE_STREAM @0 {NAME:seq_1_2 T:Transactions SCOPE:uvm_test_top.env.agent.sequencer STREAM:645}
  CREATE_STREAM @480000 {NAME:seq_3 T:Transactions SCOPE:uvm_test_top.env.agent.sequencer STREAM:915}
  CREATE_STREAM @540000 {NAME:seq_4 T:Transactions SCOPE:uvm_test_top.env.agent.sequencer STREAM:947}
  CREATE_STREAM @0 {NAME:master_seq T:Transactions SCOPE:uvm_test_top.env.agent.sequencer STREAM:622}
  CREATE_STREAM @0 {NAME:seq_1_2 T:Transactions SCOPE:uvm_test_top.env.agent.sequencer STREAM:645}
  CREATE_STREAM @480000 {NAME:seq_3 T:Transactions SCOPE:uvm_test_top.env.agent.sequencer STREAM:915}
  CREATE_STREAM @540000 {NAME:seq_4 T:Transactions SCOPE:uvm_test_top.env.agent.sequencer STREAM:947}
  CREATE_STREAM @0 {NAME:master_seq T:Transactions SCOPE:uvm_test_top.env.agent.sequencer STREAM:622}
  CREATE_STREAM @0 {NAME:seq_1_2 T:Transactions SCOPE:uvm_test_top.env.agent.sequencer STREAM:649}
  CREATE_STREAM @480000 {NAME:seq_3 T:Transactions SCOPE:uvm_test_top.env.agent.sequencer STREAM:1065}
  CREATE_STREAM @540000 {NAME:seq_4 T:Transactions SCOPE:uvm_test_top.env.agent.sequencer STREAM:1119}
  CREATE_STREAM @0 {NAME:master_seq T:Transactions SCOPE:uvm_test_top.env.agent.sequencer STREAM:622}
  CREATE_STREAM @0 {NAME:seq_1_2 T:Transactions SCOPE:uvm_test_top.env.agent.sequencer STREAM:649}
  CREATE_STREAM @480000 {NAME:seq_3 T:Transactions SCOPE:uvm_test_top.env.agent.sequencer STREAM:1065}
  CREATE_STREAM @540000 {NAME:seq_4 T:Transactions SCOPE:uvm_test_top.env.agent.sequencer STREAM:1119}
  CREATE_STREAM @0 {NAME:master_seq T:Transactions SCOPE:uvm_test_top.env.agent.sequencer STREAM:622}
  CREATE_STREAM @0 {NAME:seq_1_2 T:Transactions SCOPE:uvm_test_top.env.agent.sequencer STREAM:645}
  CREATE_STREAM @480000 {NAME:seq_3 T:Transactions SCOPE:uvm_test_top.env.agent.sequencer STREAM:907}
  CREATE_STREAM @540000 {NAME:seq_4 T:Transactions SCOPE:uvm_test_top.env.agent.sequencer STREAM:939}
  CREATE_STREAM @0 {NAME:master_seq T:Transactions SCOPE:uvm_test_top.env.agent.sequencer STREAM:622}
  CREATE_STREAM @0 {NAME:seq_1_2 T:Transactions SCOPE:uvm_test_top.env.agent.sequencer STREAM:645}
  CREATE_STREAM @480000 {NAME:seq_3 T:Transactions SCOPE:uvm_test_top.env.agent.sequencer STREAM:907}
  CREATE_STREAM @540000 {NAME:seq_4 T:Transactions SCOPE:uvm_test_top.env.agent.sequencer STREAM:939}
  CREATE_STREAM @0 {NAME:master_seq T:Transactions SCOPE:uvm_test_top.env.agent.sequencer STREAM:622}
  CREATE_STREAM @0 {NAME:seq_1_2 T:Transactions SCOPE:uvm_test_top.env.agent.sequencer STREAM:645}
  CREATE_STREAM @480000 {NAME:seq_3 T:Transactions SCOPE:uvm_test_top.env.agent.sequencer STREAM:907}
  CREATE_STREAM @540000 {NAME:seq_4 T:Transactions SCOPE:uvm_test_top.env.agent.sequencer STREAM:939}
  CREATE_STREAM @0 {NAME:master_seq T:Transactions SCOPE:uvm_test_top.env.agent.sequencer STREAM:622}
  CREATE_STREAM @0 {NAME:seq_1_2 T:Transactions SCOPE:uvm_test_top.env.agent.sequencer STREAM:645}
  CREATE_STREAM @480000 {NAME:seq_3 T:Transactions SCOPE:uvm_test_top.env.agent.sequencer STREAM:907}
  CREATE_STREAM @540000 {NAME:seq_4 T:Transactions SCOPE:uvm_test_top.env.agent.sequencer STREAM:939}
  CREATE_STREAM @0 {NAME:master_seq T:Transactions SCOPE:uvm_test_top.env.agent.sequencer STREAM:622}
  CREATE_STREAM @0 {NAME:seq_1_2 T:Transactions SCOPE:uvm_test_top.env.agent.sequencer STREAM:645}
  CREATE_STREAM @480000 {NAME:seq_3 T:Transactions SCOPE:uvm_test_top.env.agent.sequencer STREAM:907}
  CREATE_STREAM @540000 {NAME:seq_4 T:Transactions SCOPE:uvm_test_top.env.agent.sequencer STREAM:939}
  CREATE_STREAM @0 {NAME:master_seq T:Transactions SCOPE:uvm_test_top.env.agent.sequencer STREAM:622}
  CREATE_STREAM @0 {NAME:seq_1_2 T:Transactions SCOPE:uvm_test_top.env.agent.sequencer STREAM:645}
  CREATE_STREAM @480000 {NAME:seq_3 T:Transactions SCOPE:uvm_test_top.env.agent.sequencer STREAM:907}
  CREATE_STREAM @540000 {NAME:seq_4 T:Transactions SCOPE:uvm_test_top.env.agent.sequencer STREAM:939}
  CREATE_STREAM @0 {NAME:master_seq T:Transactions SCOPE:uvm_test_top.env.agent.sequencer STREAM:622}
  CREATE_STREAM @0 {NAME:seq_1_2 T:Transactions SCOPE:uvm_test_top.env.agent.sequencer STREAM:645}
  CREATE_STREAM @240000 {NAME:seq_3 T:Transactions SCOPE:uvm_test_top.env.agent.sequencer STREAM:829}
  CREATE_STREAM @270000 {NAME:seq_4 T:Transactions SCOPE:uvm_test_top.env.agent.sequencer STREAM:855}
  CREATE_STREAM @0 {NAME:master_seq T:Transactions SCOPE:uvm_test_top.env.agent.sequencer STREAM:622}
  CREATE_STREAM @0 {NAME:seq_1_2 T:Transactions SCOPE:uvm_test_top.env.agent.sequencer STREAM:645}
  CREATE_STREAM @240000 {NAME:seq_3 T:Transactions SCOPE:uvm_test_top.env.agent.sequencer STREAM:829}
  CREATE_STREAM @270000 {NAME:seq_4 T:Transactions SCOPE:uvm_test_top.env.agent.sequencer STREAM:855}
  CREATE_STREAM @0 {NAME:master_seq T:Transactions SCOPE:uvm_test_top.env.agent.sequencer STREAM:622}
  CREATE_STREAM @0 {NAME:seq_1_2 T:Transactions SCOPE:uvm_test_top.env.agent.sequencer STREAM:645}
  CREATE_STREAM @480000 {NAME:seq_3 T:Transactions SCOPE:uvm_test_top.env.agent.sequencer STREAM:907}
  CREATE_STREAM @540000 {NAME:seq_4 T:Transactions SCOPE:uvm_test_top.env.agent.sequencer STREAM:939}
  CREATE_STREAM @0 {NAME:master_seq T:Transactions SCOPE:uvm_test_top.env.agent.sequencer STREAM:622}
  CREATE_STREAM @0 {NAME:seq_1_2 T:Transactions SCOPE:uvm_test_top.env.agent.sequencer STREAM:645}
  CREATE_STREAM @480000 {NAME:seq_3 T:Transactions SCOPE:uvm_test_top.env.agent.sequencer STREAM:907}
  CREATE_STREAM @540000 {NAME:seq_4 T:Transactions SCOPE:uvm_test_top.env.agent.sequencer STREAM:939}
  CREATE_STREAM @0 {NAME:master_seq T:Transactions SCOPE:uvm_test_top.env.agent.sequencer STREAM:622}
  CREATE_STREAM @0 {NAME:seq_1_2 T:Transactions SCOPE:uvm_test_top.env.agent.sequencer STREAM:645}
  CREATE_STREAM @480000 {NAME:seq_3 T:Transactions SCOPE:uvm_test_top.env.agent.sequencer STREAM:907}
  CREATE_STREAM @540000 {NAME:seq_4 T:Transactions SCOPE:uvm_test_top.env.agent.sequencer STREAM:939}
  CREATE_STREAM @0 {NAME:master_seq T:Transactions SCOPE:uvm_test_top.env.agent.sequencer STREAM:622}
  CREATE_STREAM @0 {NAME:seq_1_2 T:Transactions SCOPE:uvm_test_top.env.agent.sequencer STREAM:645}
  CREATE_STREAM @250000 {NAME:seq_3 T:Transactions SCOPE:uvm_test_top.env.agent.sequencer STREAM:833}
  CREATE_STREAM @280000 {NAME:seq_4 T:Transactions SCOPE:uvm_test_top.env.agent.sequencer STREAM:855}
  CREATE_STREAM @0 {NAME:master_seq T:Transactions SCOPE:uvm_test_top.env.agent.sequencer STREAM:622}
  CREATE_STREAM @0 {NAME:seq_1_2 T:Transactions SCOPE:uvm_test_top.env.agent.sequencer STREAM:645}
  CREATE_STREAM @250000 {NAME:seq_3 T:Transactions SCOPE:uvm_test_top.env.agent.sequencer STREAM:833}
  CREATE_STREAM @280000 {NAME:seq_4 T:Transactions SCOPE:uvm_test_top.env.agent.sequencer STREAM:855}
  CREATE_STREAM @0 {NAME:master_seq T:Transactions SCOPE:uvm_test_top.env.agent.sequencer STREAM:622}
  CREATE_STREAM @0 {NAME:seq_1_2 T:Transactions SCOPE:uvm_test_top.env.agent.sequencer STREAM:645}
  CREATE_STREAM @250000 {NAME:seq_3 T:Transactions SCOPE:uvm_test_top.env.agent.sequencer STREAM:833}
  CREATE_STREAM @280000 {NAME:seq_4 T:Transactions SCOPE:uvm_test_top.env.agent.sequencer STREAM:855}
  CREATE_STREAM @0 {NAME:master_seq T:Transactions SCOPE:uvm_test_top.env.agent.sequencer STREAM:622}
  CREATE_STREAM @0 {NAME:seq_1_2 T:Transactions SCOPE:uvm_test_top.env.agent.sequencer STREAM:645}
  CREATE_STREAM @250000 {NAME:seq_3 T:Transactions SCOPE:uvm_test_top.env.agent.sequencer STREAM:833}
  CREATE_STREAM @280000 {NAME:seq_4 T:Transactions SCOPE:uvm_test_top.env.agent.sequencer STREAM:855}
  CREATE_STREAM @0 {NAME:master_seq T:Transactions SCOPE:uvm_test_top.env.agent.sequencer STREAM:622}
  CREATE_STREAM @0 {NAME:seq_1_2 T:Transactions SCOPE:uvm_test_top.env.agent.sequencer STREAM:645}
  CREATE_STREAM @250000 {NAME:seq_3 T:Transactions SCOPE:uvm_test_top.env.agent.sequencer STREAM:833}
  CREATE_STREAM @290000 {NAME:seq_4 T:Transactions SCOPE:uvm_test_top.env.agent.sequencer STREAM:863}
  CREATE_STREAM @0 {NAME:master_seq T:Transactions SCOPE:uvm_test_top.env.agent.sequencer STREAM:622}
  CREATE_STREAM @0 {NAME:seq_1_2 T:Transactions SCOPE:uvm_test_top.env.agent.sequencer STREAM:645}
  CREATE_STREAM @250000 {NAME:seq_3 T:Transactions SCOPE:uvm_test_top.env.agent.sequencer STREAM:833}
  CREATE_STREAM @290000 {NAME:seq_4 T:Transactions SCOPE:uvm_test_top.env.agent.sequencer STREAM:863}
  CREATE_STREAM @0 {NAME:master_seq T:Transactions SCOPE:uvm_test_top.env.agent.sequencer STREAM:622}
  CREATE_STREAM @0 {NAME:seq_1_2 T:Transactions SCOPE:uvm_test_top.env.agent.sequencer STREAM:645}
  CREATE_STREAM @250000 {NAME:seq_3 T:Transactions SCOPE:uvm_test_top.env.agent.sequencer STREAM:833}
  CREATE_STREAM @290000 {NAME:seq_4 T:Transactions SCOPE:uvm_test_top.env.agent.sequencer STREAM:865}
  CREATE_STREAM @0 {NAME:master_seq T:Transactions SCOPE:uvm_test_top.env.agent.sequencer STREAM:622}
  CREATE_STREAM @0 {NAME:seq_1_2 T:Transactions SCOPE:uvm_test_top.env.agent.sequencer STREAM:645}
  CREATE_STREAM @250000 {NAME:seq_3 T:Transactions SCOPE:uvm_test_top.env.agent.sequencer STREAM:833}
  CREATE_STREAM @290000 {NAME:seq_4 T:Transactions SCOPE:uvm_test_top.env.agent.sequencer STREAM:865}
  CREATE_STREAM @0 {NAME:master_seq T:Transactions SCOPE:uvm_test_top.env.agent.sequencer STREAM:622}
  CREATE_STREAM @0 {NAME:seq_1_2 T:Transactions SCOPE:uvm_test_top.env.agent.sequencer STREAM:645}
  CREATE_STREAM @250000 {NAME:seq_3 T:Transactions SCOPE:uvm_test_top.env.agent.sequencer STREAM:833}
  CREATE_STREAM @300000 {NAME:seq_4 T:Transactions SCOPE:uvm_test_top.env.agent.sequencer STREAM:873}
  CREATE_STREAM @0 {NAME:master_seq T:Transactions SCOPE:uvm_test_top.env.agent.sequencer STREAM:622}
  CREATE_STREAM @0 {NAME:seq_1_2 T:Transactions SCOPE:uvm_test_top.env.agent.sequencer STREAM:645}
  CREATE_STREAM @250000 {NAME:seq_3 T:Transactions SCOPE:uvm_test_top.env.agent.sequencer STREAM:833}
  CREATE_STREAM @300000 {NAME:seq_4 T:Transactions SCOPE:uvm_test_top.env.agent.sequencer STREAM:873}
  CREATE_STREAM @0 {NAME:master_seq T:Transactions SCOPE:uvm_test_top.env.agent.sequencer STREAM:622}
  CREATE_STREAM @0 {NAME:seq_1_2 T:Transactions SCOPE:uvm_test_top.env.agent.sequencer STREAM:645}
  CREATE_STREAM @250000 {NAME:seq_3 T:Transactions SCOPE:uvm_test_top.env.agent.sequencer STREAM:833}
  CREATE_STREAM @290000 {NAME:seq_4 T:Transactions SCOPE:uvm_test_top.env.agent.sequencer STREAM:863}
  CREATE_STREAM @0 {NAME:master_seq T:Transactions SCOPE:uvm_test_top.env.agent.sequencer STREAM:622}
  CREATE_STREAM @0 {NAME:seq_1_2 T:Transactions SCOPE:uvm_test_top.env.agent.sequencer STREAM:645}
  CREATE_STREAM @250000 {NAME:seq_3 T:Transactions SCOPE:uvm_test_top.env.agent.sequencer STREAM:833}
  CREATE_STREAM @290000 {NAME:seq_4 T:Transactions SCOPE:uvm_test_top.env.agent.sequencer STREAM:863}
  CREATE_STREAM @0 {NAME:master_seq T:Transactions SCOPE:uvm_test_top.env.agent.sequencer STREAM:622}
  CREATE_STREAM @0 {NAME:seq_1_2 T:Transactions SCOPE:uvm_test_top.env.agent.sequencer STREAM:645}
  CREATE_STREAM @250000 {NAME:seq_3 T:Transactions SCOPE:uvm_test_top.env.agent.sequencer STREAM:833}
  CREATE_STREAM @290000 {NAME:seq_4 T:Transactions SCOPE:uvm_test_top.env.agent.sequencer STREAM:863}
  CREATE_STREAM @0 {NAME:master_seq T:Transactions SCOPE:uvm_test_top.env.agent.sequencer STREAM:622}
  CREATE_STREAM @0 {NAME:seq_1_2 T:Transactions SCOPE:uvm_test_top.env.agent.sequencer STREAM:645}
  CREATE_STREAM @250000 {NAME:seq_3 T:Transactions SCOPE:uvm_test_top.env.agent.sequencer STREAM:833}
  CREATE_STREAM @290000 {NAME:seq_4 T:Transactions SCOPE:uvm_test_top.env.agent.sequencer STREAM:863}
  CREATE_STREAM @0 {NAME:master_seq T:Transactions SCOPE:uvm_test_top.env.agent.sequencer STREAM:622}
  CREATE_STREAM @0 {NAME:seq_1_2 T:Transactions SCOPE:uvm_test_top.env.agent.sequencer STREAM:645}
  CREATE_STREAM @250000 {NAME:seq_3 T:Transactions SCOPE:uvm_test_top.env.agent.sequencer STREAM:833}
  CREATE_STREAM @310000 {NAME:seq_4 T:Transactions SCOPE:uvm_test_top.env.agent.sequencer STREAM:877}
  CREATE_STREAM @0 {NAME:master_seq T:Transactions SCOPE:uvm_test_top.env.agent.sequencer STREAM:622}
  CREATE_STREAM @0 {NAME:seq_1_2 T:Transactions SCOPE:uvm_test_top.env.agent.sequencer STREAM:645}
  CREATE_STREAM @250000 {NAME:seq_3 T:Transactions SCOPE:uvm_test_top.env.agent.sequencer STREAM:833}
  CREATE_STREAM @310000 {NAME:seq_4 T:Transactions SCOPE:uvm_test_top.env.agent.sequencer STREAM:877}
  CREATE_STREAM @0 {NAME:master_seq T:Transactions SCOPE:uvm_test_top.env.agent.sequencer STREAM:622}
  CREATE_STREAM @0 {NAME:seq_1_2 T:Transactions SCOPE:uvm_test_top.env.agent.sequencer STREAM:645}
  CREATE_STREAM @250000 {NAME:seq_3 T:Transactions SCOPE:uvm_test_top.env.agent.sequencer STREAM:833}
  CREATE_STREAM @310000 {NAME:seq_4 T:Transactions SCOPE:uvm_test_top.env.agent.sequencer STREAM:877}
  CREATE_STREAM @0 {NAME:master_seq T:Transactions SCOPE:uvm_test_top.env.agent.sequencer STREAM:622}
  CREATE_STREAM @0 {NAME:seq_1_2 T:Transactions SCOPE:uvm_test_top.env.agent.sequencer STREAM:645}
  CREATE_STREAM @250000 {NAME:seq_3 T:Transactions SCOPE:uvm_test_top.env.agent.sequencer STREAM:833}
  CREATE_STREAM @310000 {NAME:seq_4 T:Transactions SCOPE:uvm_test_top.env.agent.sequencer STREAM:877}
  CREATE_STREAM @0 {NAME:master_seq T:Transactions SCOPE:uvm_test_top.env.agent.sequencer STREAM:622}
  CREATE_STREAM @0 {NAME:seq_1_2 T:Transactions SCOPE:uvm_test_top.env.agent.sequencer STREAM:645}
  CREATE_STREAM @250000 {NAME:seq_3 T:Transactions SCOPE:uvm_test_top.env.agent.sequencer STREAM:833}
  CREATE_STREAM @310000 {NAME:seq_4 T:Transactions SCOPE:uvm_test_top.env.agent.sequencer STREAM:877}
  CREATE_STREAM @0 {NAME:master_seq T:Transactions SCOPE:uvm_test_top.env.agent.sequencer STREAM:622}
  CREATE_STREAM @0 {NAME:seq_1_2 T:Transactions SCOPE:uvm_test_top.env.agent.sequencer STREAM:645}
  CREATE_STREAM @250000 {NAME:seq_3 T:Transactions SCOPE:uvm_test_top.env.agent.sequencer STREAM:833}
  CREATE_STREAM @310000 {NAME:seq_4 T:Transactions SCOPE:uvm_test_top.env.agent.sequencer STREAM:877}
  CREATE_STREAM @0 {NAME:master_seq T:Transactions SCOPE:uvm_test_top.env.agent.sequencer STREAM:622}
  CREATE_STREAM @0 {NAME:seq_1_2 T:Transactions SCOPE:uvm_test_top.env.agent.sequencer STREAM:645}
  CREATE_STREAM @250000 {NAME:seq_3 T:Transactions SCOPE:uvm_test_top.env.agent.sequencer STREAM:911}
  CREATE_STREAM @310000 {NAME:seq_4 T:Transactions SCOPE:uvm_test_top.env.agent.sequencer STREAM:977}
  CREATE_STREAM @0 {NAME:master_seq T:Transactions SCOPE:uvm_test_top.env.agent.sequencer STREAM:622}
  CREATE_STREAM @0 {NAME:seq_1_2 T:Transactions SCOPE:uvm_test_top.env.agent.sequencer STREAM:645}
  CREATE_STREAM @250000 {NAME:seq_3 T:Transactions SCOPE:uvm_test_top.env.agent.sequencer STREAM:941}
  CREATE_STREAM @310000 {NAME:seq_4 T:Transactions SCOPE:uvm_test_top.env.agent.sequencer STREAM:1013}
  CREATE_STREAM @0 {NAME:master_seq T:Transactions SCOPE:uvm_test_top.env.agent.sequencer STREAM:622}
  CREATE_STREAM @0 {NAME:seq_1_2 T:Transactions SCOPE:uvm_test_top.env.agent.sequencer STREAM:645}
  CREATE_STREAM @250000 {NAME:seq_3 T:Transactions SCOPE:uvm_test_top.env.agent.sequencer STREAM:911}
  CREATE_STREAM @310000 {NAME:seq_4 T:Transactions SCOPE:uvm_test_top.env.agent.sequencer STREAM:977}
  CREATE_STREAM @0 {NAME:master_seq T:Transactions SCOPE:uvm_test_top.env.agent.sequencer STREAM:622}
  CREATE_STREAM @0 {NAME:seq_1_2 T:Transactions SCOPE:uvm_test_top.env.agent.sequencer STREAM:645}
  CREATE_STREAM @250000 {NAME:seq_3 T:Transactions SCOPE:uvm_test_top.env.agent.sequencer STREAM:911}
  CREATE_STREAM @310000 {NAME:seq_4 T:Transactions SCOPE:uvm_test_top.env.agent.sequencer STREAM:979}
  CREATE_STREAM @0 {NAME:master_seq T:Transactions SCOPE:uvm_test_top.env.agent.sequencer STREAM:622}
  CREATE_STREAM @0 {NAME:seq_1_2 T:Transactions SCOPE:uvm_test_top.env.agent.sequencer STREAM:645}
  CREATE_STREAM @250000 {NAME:seq_3 T:Transactions SCOPE:uvm_test_top.env.agent.sequencer STREAM:911}
  CREATE_STREAM @310000 {NAME:seq_4 T:Transactions SCOPE:uvm_test_top.env.agent.sequencer STREAM:979}
  CREATE_STREAM @0 {NAME:master_seq T:Transactions SCOPE:uvm_test_top.env.agent.sequencer STREAM:622}
  CREATE_STREAM @0 {NAME:seq_1_2 T:Transactions SCOPE:uvm_test_top.env.agent.sequencer STREAM:645}
  CREATE_STREAM @250000 {NAME:seq_3 T:Transactions SCOPE:uvm_test_top.env.agent.sequencer STREAM:911}
  CREATE_STREAM @310000 {NAME:seq_4 T:Transactions SCOPE:uvm_test_top.env.agent.sequencer STREAM:979}
  CREATE_STREAM @0 {NAME:master_seq T:Transactions SCOPE:uvm_test_top.env.agent.sequencer STREAM:622}
  CREATE_STREAM @0 {NAME:seq_1_2 T:Transactions SCOPE:uvm_test_top.env.agent.sequencer STREAM:645}
  CREATE_STREAM @250000 {NAME:seq_3 T:Transactions SCOPE:uvm_test_top.env.agent.sequencer STREAM:911}
  CREATE_STREAM @310000 {NAME:seq_4 T:Transactions SCOPE:uvm_test_top.env.agent.sequencer STREAM:979}
